<?xml version="1.0" encoding="UTF-8"?>
<testsuite xmlns:xsi="http://www.w3.org/2001/XMLSchema-instance" xsi:noNamespaceSchemaLocation="https://maven.apache.org/surefire/maven-surefire-plugin/xsd/surefire-test-report.xsd" version="3.0.2" name="TestSuite" time="163.754" tests="21" errors="0" skipped="0" failures="1">
  <properties>
    <property name="java.specification.version" value="21"/>
    <property name="sun.cpu.isalist" value="amd64"/>
    <property name="sun.jnu.encoding" value="Cp1252"/>
    <property name="java.class.path" value="C:\Eclipse\workspace\POMSeleniumTest\target\test-classes;C:\Eclipse\workspace\POMSeleniumTest\target\classes;C:\Users\vishr\.m2\repository\org\seleniumhq\selenium\selenium-java\4.27.0\selenium-java-4.27.0.jar;C:\Users\vishr\.m2\repository\org\seleniumhq\selenium\selenium-api\4.27.0\selenium-api-4.27.0.jar;C:\Users\vishr\.m2\repository\org\jspecify\jspecify\1.0.0\jspecify-1.0.0.jar;C:\Users\vishr\.m2\repository\org\seleniumhq\selenium\selenium-chrome-driver\4.27.0\selenium-chrome-driver-4.27.0.jar;C:\Users\vishr\.m2\repository\com\google\auto\service\auto-service-annotations\1.1.1\auto-service-annotations-1.1.1.jar;C:\Users\vishr\.m2\repository\org\seleniumhq\selenium\selenium-chromium-driver\4.27.0\selenium-chromium-driver-4.27.0.jar;C:\Users\vishr\.m2\repository\org\seleniumhq\selenium\selenium-json\4.27.0\selenium-json-4.27.0.jar;C:\Users\vishr\.m2\repository\org\seleniumhq\selenium\selenium-manager\4.27.0\selenium-manager-4.27.0.jar;C:\Users\vishr\.m2\repository\org\seleniumhq\selenium\selenium-devtools-v129\4.27.0\selenium-devtools-v129-4.27.0.jar;C:\Users\vishr\.m2\repository\org\seleniumhq\selenium\selenium-devtools-v130\4.27.0\selenium-devtools-v130-4.27.0.jar;C:\Users\vishr\.m2\repository\org\seleniumhq\selenium\selenium-devtools-v131\4.27.0\selenium-devtools-v131-4.27.0.jar;C:\Users\vishr\.m2\repository\org\seleniumhq\selenium\selenium-devtools-v85\4.27.0\selenium-devtools-v85-4.27.0.jar;C:\Users\vishr\.m2\repository\org\seleniumhq\selenium\selenium-edge-driver\4.27.0\selenium-edge-driver-4.27.0.jar;C:\Users\vishr\.m2\repository\org\seleniumhq\selenium\selenium-firefox-driver\4.27.0\selenium-firefox-driver-4.27.0.jar;C:\Users\vishr\.m2\repository\org\seleniumhq\selenium\selenium-http\4.27.0\selenium-http-4.27.0.jar;C:\Users\vishr\.m2\repository\dev\failsafe\failsafe\3.3.2\failsafe-3.3.2.jar;C:\Users\vishr\.m2\repository\org\seleniumhq\selenium\selenium-ie-driver\4.27.0\selenium-ie-driver-4.27.0.jar;C:\Users\vishr\.m2\repository\org\seleniumhq\selenium\selenium-remote-driver\4.27.0\selenium-remote-driver-4.27.0.jar;C:\Users\vishr\.m2\repository\com\google\guava\guava\33.3.1-jre\guava-33.3.1-jre.jar;C:\Users\vishr\.m2\repository\com\google\guava\failureaccess\1.0.2\failureaccess-1.0.2.jar;C:\Users\vishr\.m2\repository\com\google\guava\listenablefuture\9999.0-empty-to-avoid-conflict-with-guava\listenablefuture-9999.0-empty-to-avoid-conflict-with-guava.jar;C:\Users\vishr\.m2\repository\com\google\code\findbugs\jsr305\3.0.2\jsr305-3.0.2.jar;C:\Users\vishr\.m2\repository\org\checkerframework\checker-qual\3.43.0\checker-qual-3.43.0.jar;C:\Users\vishr\.m2\repository\com\google\j2objc\j2objc-annotations\3.0.0\j2objc-annotations-3.0.0.jar;C:\Users\vishr\.m2\repository\io\opentelemetry\semconv\opentelemetry-semconv\1.25.0-alpha\opentelemetry-semconv-1.25.0-alpha.jar;C:\Users\vishr\.m2\repository\io\opentelemetry\opentelemetry-api\1.44.1\opentelemetry-api-1.44.1.jar;C:\Users\vishr\.m2\repository\io\opentelemetry\opentelemetry-context\1.44.1\opentelemetry-context-1.44.1.jar;C:\Users\vishr\.m2\repository\io\opentelemetry\opentelemetry-exporter-logging\1.44.1\opentelemetry-exporter-logging-1.44.1.jar;C:\Users\vishr\.m2\repository\io\opentelemetry\opentelemetry-sdk-common\1.44.1\opentelemetry-sdk-common-1.44.1.jar;C:\Users\vishr\.m2\repository\io\opentelemetry\opentelemetry-sdk-extension-autoconfigure-spi\1.44.1\opentelemetry-sdk-extension-autoconfigure-spi-1.44.1.jar;C:\Users\vishr\.m2\repository\io\opentelemetry\opentelemetry-sdk-extension-autoconfigure\1.44.1\opentelemetry-sdk-extension-autoconfigure-1.44.1.jar;C:\Users\vishr\.m2\repository\io\opentelemetry\opentelemetry-api-incubator\1.44.1-alpha\opentelemetry-api-incubator-1.44.1-alpha.jar;C:\Users\vishr\.m2\repository\io\opentelemetry\opentelemetry-sdk-trace\1.44.1\opentelemetry-sdk-trace-1.44.1.jar;C:\Users\vishr\.m2\repository\io\opentelemetry\opentelemetry-sdk\1.44.1\opentelemetry-sdk-1.44.1.jar;C:\Users\vishr\.m2\repository\io\opentelemetry\opentelemetry-sdk-metrics\1.44.1\opentelemetry-sdk-metrics-1.44.1.jar;C:\Users\vishr\.m2\repository\io\opentelemetry\opentelemetry-sdk-logs\1.44.1\opentelemetry-sdk-logs-1.44.1.jar;C:\Users\vishr\.m2\repository\net\bytebuddy\byte-buddy\1.15.10\byte-buddy-1.15.10.jar;C:\Users\vishr\.m2\repository\org\seleniumhq\selenium\selenium-os\4.27.0\selenium-os-4.27.0.jar;C:\Users\vishr\.m2\repository\org\apache\commons\commons-exec\1.4.0\commons-exec-1.4.0.jar;C:\Users\vishr\.m2\repository\org\seleniumhq\selenium\selenium-safari-driver\4.27.0\selenium-safari-driver-4.27.0.jar;C:\Users\vishr\.m2\repository\org\seleniumhq\selenium\selenium-support\4.27.0\selenium-support-4.27.0.jar;C:\Users\vishr\.m2\repository\io\github\bonigarcia\webdrivermanager\5.9.2\webdrivermanager-5.9.2.jar;C:\Users\vishr\.m2\repository\org\slf4j\slf4j-api\2.0.13\slf4j-api-2.0.13.jar;C:\Users\vishr\.m2\repository\com\google\code\gson\gson\2.11.0\gson-2.11.0.jar;C:\Users\vishr\.m2\repository\com\google\errorprone\error_prone_annotations\2.27.0\error_prone_annotations-2.27.0.jar;C:\Users\vishr\.m2\repository\com\github\docker-java\docker-java\3.4.0\docker-java-3.4.0.jar;C:\Users\vishr\.m2\repository\com\github\docker-java\docker-java-core\3.4.0\docker-java-core-3.4.0.jar;C:\Users\vishr\.m2\repository\com\github\docker-java\docker-java-api\3.4.0\docker-java-api-3.4.0.jar;C:\Users\vishr\.m2\repository\com\fasterxml\jackson\core\jackson-annotations\2.10.3\jackson-annotations-2.10.3.jar;C:\Users\vishr\.m2\repository\com\fasterxml\jackson\core\jackson-databind\2.10.3\jackson-databind-2.10.3.jar;C:\Users\vishr\.m2\repository\com\fasterxml\jackson\core\jackson-core\2.10.3\jackson-core-2.10.3.jar;C:\Users\vishr\.m2\repository\org\slf4j\jcl-over-slf4j\1.7.30\jcl-over-slf4j-1.7.30.jar;C:\Users\vishr\.m2\repository\com\github\docker-java\docker-java-transport-httpclient5\3.4.0\docker-java-transport-httpclient5-3.4.0.jar;C:\Users\vishr\.m2\repository\com\github\docker-java\docker-java-transport\3.4.0\docker-java-transport-3.4.0.jar;C:\Users\vishr\.m2\repository\net\java\dev\jna\jna\5.13.0\jna-5.13.0.jar;C:\Users\vishr\.m2\repository\org\brotli\dec\0.1.2\dec-0.1.2.jar;C:\Users\vishr\.m2\repository\org\apache\commons\commons-lang3\3.15.0\commons-lang3-3.15.0.jar;C:\Users\vishr\.m2\repository\org\apache\commons\commons-compress\1.26.2\commons-compress-1.26.2.jar;C:\Users\vishr\.m2\repository\org\apache\httpcomponents\client5\httpclient5\5.2.1\httpclient5-5.2.1.jar;C:\Users\vishr\.m2\repository\org\apache\httpcomponents\core5\httpcore5\5.2\httpcore5-5.2.jar;C:\Users\vishr\.m2\repository\org\apache\httpcomponents\core5\httpcore5-h2\5.2\httpcore5-h2-5.2.jar;C:\Users\vishr\.m2\repository\org\testng\testng\7.10.2\testng-7.10.2.jar;C:\Users\vishr\.m2\repository\com\beust\jcommander\1.82\jcommander-1.82.jar;C:\Users\vishr\.m2\repository\org\webjars\jquery\3.7.1\jquery-3.7.1.jar;C:\Users\vishr\.m2\repository\org\apache\poi\poi\5.3.0\poi-5.3.0.jar;C:\Users\vishr\.m2\repository\commons-codec\commons-codec\1.17.0\commons-codec-1.17.0.jar;C:\Users\vishr\.m2\repository\org\apache\commons\commons-collections4\4.4\commons-collections4-4.4.jar;C:\Users\vishr\.m2\repository\org\apache\commons\commons-math3\3.6.1\commons-math3-3.6.1.jar;C:\Users\vishr\.m2\repository\commons-io\commons-io\2.16.1\commons-io-2.16.1.jar;C:\Users\vishr\.m2\repository\com\zaxxer\SparseBitSet\1.3\SparseBitSet-1.3.jar;C:\Users\vishr\.m2\repository\org\apache\poi\poi-ooxml\5.3.0\poi-ooxml-5.3.0.jar;C:\Users\vishr\.m2\repository\org\apache\poi\poi-ooxml-lite\5.3.0\poi-ooxml-lite-5.3.0.jar;C:\Users\vishr\.m2\repository\org\apache\xmlbeans\xmlbeans\5.2.1\xmlbeans-5.2.1.jar;C:\Users\vishr\.m2\repository\com\github\virtuald\curvesapi\1.08\curvesapi-1.08.jar;C:\Users\vishr\.m2\repository\org\apache\poi\poi-scratchpad\5.3.0\poi-scratchpad-5.3.0.jar;C:\Users\vishr\.m2\repository\org\apache\poi\poi-ooxml-schemas\4.1.2\poi-ooxml-schemas-4.1.2.jar;C:\Users\vishr\.m2\repository\org\apache\poi\ooxml-schemas\1.4\ooxml-schemas-1.4.jar;C:\Users\vishr\.m2\repository\org\apache\poi\openxml4j\1.0-beta\openxml4j-1.0-beta.jar;C:\Users\vishr\.m2\repository\dom4j\dom4j\1.6.1\dom4j-1.6.1.jar;C:\Users\vishr\.m2\repository\xml-apis\xml-apis\1.0.b2\xml-apis-1.0.b2.jar;C:\Users\vishr\.m2\repository\log4j\log4j\1.2.8\log4j-1.2.8.jar;C:\Users\vishr\.m2\repository\com\aventstack\extentreports\5.1.2\extentreports-5.1.2.jar;C:\Users\vishr\.m2\repository\io\reactivex\rxjava3\rxjava\3.1.6\rxjava-3.1.6.jar;C:\Users\vishr\.m2\repository\org\reactivestreams\reactive-streams\1.0.4\reactive-streams-1.0.4.jar;C:\Users\vishr\.m2\repository\org\freemarker\freemarker\2.3.32\freemarker-2.3.32.jar;C:\Users\vishr\.m2\repository\org\projectlombok\lombok\1.18.26\lombok-1.18.26.jar;C:\Users\vishr\.m2\repository\org\apache\logging\log4j\log4j-core\2.24.3\log4j-core-2.24.3.jar;C:\Users\vishr\.m2\repository\org\apache\logging\log4j\log4j-api\2.24.3\log4j-api-2.24.3.jar;C:\Users\vishr\.m2\repository\io\rest-assured\rest-assured\5.5.0\rest-assured-5.5.0.jar;C:\Users\vishr\.m2\repository\org\apache\groovy\groovy\4.0.22\groovy-4.0.22.jar;C:\Users\vishr\.m2\repository\org\apache\groovy\groovy-xml\4.0.22\groovy-xml-4.0.22.jar;C:\Users\vishr\.m2\repository\org\apache\httpcomponents\httpclient\4.5.13\httpclient-4.5.13.jar;C:\Users\vishr\.m2\repository\org\apache\httpcomponents\httpcore\4.4.13\httpcore-4.4.13.jar;C:\Users\vishr\.m2\repository\commons-logging\commons-logging\1.2\commons-logging-1.2.jar;C:\Users\vishr\.m2\repository\org\apache\httpcomponents\httpmime\4.5.13\httpmime-4.5.13.jar;C:\Users\vishr\.m2\repository\org\hamcrest\hamcrest\2.2\hamcrest-2.2.jar;C:\Users\vishr\.m2\repository\org\ccil\cowan\tagsoup\tagsoup\1.2.1\tagsoup-1.2.1.jar;C:\Users\vishr\.m2\repository\io\rest-assured\json-path\5.5.0\json-path-5.5.0.jar;C:\Users\vishr\.m2\repository\org\apache\groovy\groovy-json\4.0.22\groovy-json-4.0.22.jar;C:\Users\vishr\.m2\repository\io\rest-assured\rest-assured-common\5.5.0\rest-assured-common-5.5.0.jar;C:\Users\vishr\.m2\repository\io\rest-assured\xml-path\5.5.0\xml-path-5.5.0.jar;C:\Users\vishr\.m2\repository\com\googlecode\json-simple\json-simple\1.1.1\json-simple-1.1.1.jar;C:\Users\vishr\.m2\repository\junit\junit\4.10\junit-4.10.jar;C:\Users\vishr\.m2\repository\org\hamcrest\hamcrest-core\1.1\hamcrest-core-1.1.jar;"/>
    <property name="java.vm.vendor" value="Oracle Corporation"/>
    <property name="sun.arch.data.model" value="64"/>
    <property name="user.variant" value=""/>
    <property name="java.vendor.url" value="https://java.oracle.com/"/>
    <property name="user.timezone" value="Asia/Calcutta"/>
    <property name="os.name" value="Windows 10"/>
    <property name="java.vm.specification.version" value="21"/>
    <property name="sun.java.launcher" value="SUN_STANDARD"/>
    <property name="user.country" value="US"/>
    <property name="sun.boot.library.path" value="C:\Program Files\Java\jdk-21\bin"/>
    <property name="sun.java.command" value="C:\Users\vishr\AppData\Local\Temp\surefire13867936037321964288\surefirebooter-20250102191458557_3.jar C:\Users\vishr\AppData\Local\Temp\surefire13867936037321964288 2025-01-02T19-14-58_202-jvmRun1 surefire-20250102191458557_1tmp surefire_0-20250102191458557_2tmp"/>
    <property name="jdk.debug" value="release"/>
    <property name="surefire.test.class.path" value="C:\Eclipse\workspace\POMSeleniumTest\target\test-classes;C:\Eclipse\workspace\POMSeleniumTest\target\classes;C:\Users\vishr\.m2\repository\org\seleniumhq\selenium\selenium-java\4.27.0\selenium-java-4.27.0.jar;C:\Users\vishr\.m2\repository\org\seleniumhq\selenium\selenium-api\4.27.0\selenium-api-4.27.0.jar;C:\Users\vishr\.m2\repository\org\jspecify\jspecify\1.0.0\jspecify-1.0.0.jar;C:\Users\vishr\.m2\repository\org\seleniumhq\selenium\selenium-chrome-driver\4.27.0\selenium-chrome-driver-4.27.0.jar;C:\Users\vishr\.m2\repository\com\google\auto\service\auto-service-annotations\1.1.1\auto-service-annotations-1.1.1.jar;C:\Users\vishr\.m2\repository\org\seleniumhq\selenium\selenium-chromium-driver\4.27.0\selenium-chromium-driver-4.27.0.jar;C:\Users\vishr\.m2\repository\org\seleniumhq\selenium\selenium-json\4.27.0\selenium-json-4.27.0.jar;C:\Users\vishr\.m2\repository\org\seleniumhq\selenium\selenium-manager\4.27.0\selenium-manager-4.27.0.jar;C:\Users\vishr\.m2\repository\org\seleniumhq\selenium\selenium-devtools-v129\4.27.0\selenium-devtools-v129-4.27.0.jar;C:\Users\vishr\.m2\repository\org\seleniumhq\selenium\selenium-devtools-v130\4.27.0\selenium-devtools-v130-4.27.0.jar;C:\Users\vishr\.m2\repository\org\seleniumhq\selenium\selenium-devtools-v131\4.27.0\selenium-devtools-v131-4.27.0.jar;C:\Users\vishr\.m2\repository\org\seleniumhq\selenium\selenium-devtools-v85\4.27.0\selenium-devtools-v85-4.27.0.jar;C:\Users\vishr\.m2\repository\org\seleniumhq\selenium\selenium-edge-driver\4.27.0\selenium-edge-driver-4.27.0.jar;C:\Users\vishr\.m2\repository\org\seleniumhq\selenium\selenium-firefox-driver\4.27.0\selenium-firefox-driver-4.27.0.jar;C:\Users\vishr\.m2\repository\org\seleniumhq\selenium\selenium-http\4.27.0\selenium-http-4.27.0.jar;C:\Users\vishr\.m2\repository\dev\failsafe\failsafe\3.3.2\failsafe-3.3.2.jar;C:\Users\vishr\.m2\repository\org\seleniumhq\selenium\selenium-ie-driver\4.27.0\selenium-ie-driver-4.27.0.jar;C:\Users\vishr\.m2\repository\org\seleniumhq\selenium\selenium-remote-driver\4.27.0\selenium-remote-driver-4.27.0.jar;C:\Users\vishr\.m2\repository\com\google\guava\guava\33.3.1-jre\guava-33.3.1-jre.jar;C:\Users\vishr\.m2\repository\com\google\guava\failureaccess\1.0.2\failureaccess-1.0.2.jar;C:\Users\vishr\.m2\repository\com\google\guava\listenablefuture\9999.0-empty-to-avoid-conflict-with-guava\listenablefuture-9999.0-empty-to-avoid-conflict-with-guava.jar;C:\Users\vishr\.m2\repository\com\google\code\findbugs\jsr305\3.0.2\jsr305-3.0.2.jar;C:\Users\vishr\.m2\repository\org\checkerframework\checker-qual\3.43.0\checker-qual-3.43.0.jar;C:\Users\vishr\.m2\repository\com\google\j2objc\j2objc-annotations\3.0.0\j2objc-annotations-3.0.0.jar;C:\Users\vishr\.m2\repository\io\opentelemetry\semconv\opentelemetry-semconv\1.25.0-alpha\opentelemetry-semconv-1.25.0-alpha.jar;C:\Users\vishr\.m2\repository\io\opentelemetry\opentelemetry-api\1.44.1\opentelemetry-api-1.44.1.jar;C:\Users\vishr\.m2\repository\io\opentelemetry\opentelemetry-context\1.44.1\opentelemetry-context-1.44.1.jar;C:\Users\vishr\.m2\repository\io\opentelemetry\opentelemetry-exporter-logging\1.44.1\opentelemetry-exporter-logging-1.44.1.jar;C:\Users\vishr\.m2\repository\io\opentelemetry\opentelemetry-sdk-common\1.44.1\opentelemetry-sdk-common-1.44.1.jar;C:\Users\vishr\.m2\repository\io\opentelemetry\opentelemetry-sdk-extension-autoconfigure-spi\1.44.1\opentelemetry-sdk-extension-autoconfigure-spi-1.44.1.jar;C:\Users\vishr\.m2\repository\io\opentelemetry\opentelemetry-sdk-extension-autoconfigure\1.44.1\opentelemetry-sdk-extension-autoconfigure-1.44.1.jar;C:\Users\vishr\.m2\repository\io\opentelemetry\opentelemetry-api-incubator\1.44.1-alpha\opentelemetry-api-incubator-1.44.1-alpha.jar;C:\Users\vishr\.m2\repository\io\opentelemetry\opentelemetry-sdk-trace\1.44.1\opentelemetry-sdk-trace-1.44.1.jar;C:\Users\vishr\.m2\repository\io\opentelemetry\opentelemetry-sdk\1.44.1\opentelemetry-sdk-1.44.1.jar;C:\Users\vishr\.m2\repository\io\opentelemetry\opentelemetry-sdk-metrics\1.44.1\opentelemetry-sdk-metrics-1.44.1.jar;C:\Users\vishr\.m2\repository\io\opentelemetry\opentelemetry-sdk-logs\1.44.1\opentelemetry-sdk-logs-1.44.1.jar;C:\Users\vishr\.m2\repository\net\bytebuddy\byte-buddy\1.15.10\byte-buddy-1.15.10.jar;C:\Users\vishr\.m2\repository\org\seleniumhq\selenium\selenium-os\4.27.0\selenium-os-4.27.0.jar;C:\Users\vishr\.m2\repository\org\apache\commons\commons-exec\1.4.0\commons-exec-1.4.0.jar;C:\Users\vishr\.m2\repository\org\seleniumhq\selenium\selenium-safari-driver\4.27.0\selenium-safari-driver-4.27.0.jar;C:\Users\vishr\.m2\repository\org\seleniumhq\selenium\selenium-support\4.27.0\selenium-support-4.27.0.jar;C:\Users\vishr\.m2\repository\io\github\bonigarcia\webdrivermanager\5.9.2\webdrivermanager-5.9.2.jar;C:\Users\vishr\.m2\repository\org\slf4j\slf4j-api\2.0.13\slf4j-api-2.0.13.jar;C:\Users\vishr\.m2\repository\com\google\code\gson\gson\2.11.0\gson-2.11.0.jar;C:\Users\vishr\.m2\repository\com\google\errorprone\error_prone_annotations\2.27.0\error_prone_annotations-2.27.0.jar;C:\Users\vishr\.m2\repository\com\github\docker-java\docker-java\3.4.0\docker-java-3.4.0.jar;C:\Users\vishr\.m2\repository\com\github\docker-java\docker-java-core\3.4.0\docker-java-core-3.4.0.jar;C:\Users\vishr\.m2\repository\com\github\docker-java\docker-java-api\3.4.0\docker-java-api-3.4.0.jar;C:\Users\vishr\.m2\repository\com\fasterxml\jackson\core\jackson-annotations\2.10.3\jackson-annotations-2.10.3.jar;C:\Users\vishr\.m2\repository\com\fasterxml\jackson\core\jackson-databind\2.10.3\jackson-databind-2.10.3.jar;C:\Users\vishr\.m2\repository\com\fasterxml\jackson\core\jackson-core\2.10.3\jackson-core-2.10.3.jar;C:\Users\vishr\.m2\repository\org\slf4j\jcl-over-slf4j\1.7.30\jcl-over-slf4j-1.7.30.jar;C:\Users\vishr\.m2\repository\com\github\docker-java\docker-java-transport-httpclient5\3.4.0\docker-java-transport-httpclient5-3.4.0.jar;C:\Users\vishr\.m2\repository\com\github\docker-java\docker-java-transport\3.4.0\docker-java-transport-3.4.0.jar;C:\Users\vishr\.m2\repository\net\java\dev\jna\jna\5.13.0\jna-5.13.0.jar;C:\Users\vishr\.m2\repository\org\brotli\dec\0.1.2\dec-0.1.2.jar;C:\Users\vishr\.m2\repository\org\apache\commons\commons-lang3\3.15.0\commons-lang3-3.15.0.jar;C:\Users\vishr\.m2\repository\org\apache\commons\commons-compress\1.26.2\commons-compress-1.26.2.jar;C:\Users\vishr\.m2\repository\org\apache\httpcomponents\client5\httpclient5\5.2.1\httpclient5-5.2.1.jar;C:\Users\vishr\.m2\repository\org\apache\httpcomponents\core5\httpcore5\5.2\httpcore5-5.2.jar;C:\Users\vishr\.m2\repository\org\apache\httpcomponents\core5\httpcore5-h2\5.2\httpcore5-h2-5.2.jar;C:\Users\vishr\.m2\repository\org\testng\testng\7.10.2\testng-7.10.2.jar;C:\Users\vishr\.m2\repository\com\beust\jcommander\1.82\jcommander-1.82.jar;C:\Users\vishr\.m2\repository\org\webjars\jquery\3.7.1\jquery-3.7.1.jar;C:\Users\vishr\.m2\repository\org\apache\poi\poi\5.3.0\poi-5.3.0.jar;C:\Users\vishr\.m2\repository\commons-codec\commons-codec\1.17.0\commons-codec-1.17.0.jar;C:\Users\vishr\.m2\repository\org\apache\commons\commons-collections4\4.4\commons-collections4-4.4.jar;C:\Users\vishr\.m2\repository\org\apache\commons\commons-math3\3.6.1\commons-math3-3.6.1.jar;C:\Users\vishr\.m2\repository\commons-io\commons-io\2.16.1\commons-io-2.16.1.jar;C:\Users\vishr\.m2\repository\com\zaxxer\SparseBitSet\1.3\SparseBitSet-1.3.jar;C:\Users\vishr\.m2\repository\org\apache\poi\poi-ooxml\5.3.0\poi-ooxml-5.3.0.jar;C:\Users\vishr\.m2\repository\org\apache\poi\poi-ooxml-lite\5.3.0\poi-ooxml-lite-5.3.0.jar;C:\Users\vishr\.m2\repository\org\apache\xmlbeans\xmlbeans\5.2.1\xmlbeans-5.2.1.jar;C:\Users\vishr\.m2\repository\com\github\virtuald\curvesapi\1.08\curvesapi-1.08.jar;C:\Users\vishr\.m2\repository\org\apache\poi\poi-scratchpad\5.3.0\poi-scratchpad-5.3.0.jar;C:\Users\vishr\.m2\repository\org\apache\poi\poi-ooxml-schemas\4.1.2\poi-ooxml-schemas-4.1.2.jar;C:\Users\vishr\.m2\repository\org\apache\poi\ooxml-schemas\1.4\ooxml-schemas-1.4.jar;C:\Users\vishr\.m2\repository\org\apache\poi\openxml4j\1.0-beta\openxml4j-1.0-beta.jar;C:\Users\vishr\.m2\repository\dom4j\dom4j\1.6.1\dom4j-1.6.1.jar;C:\Users\vishr\.m2\repository\xml-apis\xml-apis\1.0.b2\xml-apis-1.0.b2.jar;C:\Users\vishr\.m2\repository\log4j\log4j\1.2.8\log4j-1.2.8.jar;C:\Users\vishr\.m2\repository\com\aventstack\extentreports\5.1.2\extentreports-5.1.2.jar;C:\Users\vishr\.m2\repository\io\reactivex\rxjava3\rxjava\3.1.6\rxjava-3.1.6.jar;C:\Users\vishr\.m2\repository\org\reactivestreams\reactive-streams\1.0.4\reactive-streams-1.0.4.jar;C:\Users\vishr\.m2\repository\org\freemarker\freemarker\2.3.32\freemarker-2.3.32.jar;C:\Users\vishr\.m2\repository\org\projectlombok\lombok\1.18.26\lombok-1.18.26.jar;C:\Users\vishr\.m2\repository\org\apache\logging\log4j\log4j-core\2.24.3\log4j-core-2.24.3.jar;C:\Users\vishr\.m2\repository\org\apache\logging\log4j\log4j-api\2.24.3\log4j-api-2.24.3.jar;C:\Users\vishr\.m2\repository\io\rest-assured\rest-assured\5.5.0\rest-assured-5.5.0.jar;C:\Users\vishr\.m2\repository\org\apache\groovy\groovy\4.0.22\groovy-4.0.22.jar;C:\Users\vishr\.m2\repository\org\apache\groovy\groovy-xml\4.0.22\groovy-xml-4.0.22.jar;C:\Users\vishr\.m2\repository\org\apache\httpcomponents\httpclient\4.5.13\httpclient-4.5.13.jar;C:\Users\vishr\.m2\repository\org\apache\httpcomponents\httpcore\4.4.13\httpcore-4.4.13.jar;C:\Users\vishr\.m2\repository\commons-logging\commons-logging\1.2\commons-logging-1.2.jar;C:\Users\vishr\.m2\repository\org\apache\httpcomponents\httpmime\4.5.13\httpmime-4.5.13.jar;C:\Users\vishr\.m2\repository\org\hamcrest\hamcrest\2.2\hamcrest-2.2.jar;C:\Users\vishr\.m2\repository\org\ccil\cowan\tagsoup\tagsoup\1.2.1\tagsoup-1.2.1.jar;C:\Users\vishr\.m2\repository\io\rest-assured\json-path\5.5.0\json-path-5.5.0.jar;C:\Users\vishr\.m2\repository\org\apache\groovy\groovy-json\4.0.22\groovy-json-4.0.22.jar;C:\Users\vishr\.m2\repository\io\rest-assured\rest-assured-common\5.5.0\rest-assured-common-5.5.0.jar;C:\Users\vishr\.m2\repository\io\rest-assured\xml-path\5.5.0\xml-path-5.5.0.jar;C:\Users\vishr\.m2\repository\com\googlecode\json-simple\json-simple\1.1.1\json-simple-1.1.1.jar;C:\Users\vishr\.m2\repository\junit\junit\4.10\junit-4.10.jar;C:\Users\vishr\.m2\repository\org\hamcrest\hamcrest-core\1.1\hamcrest-core-1.1.jar;"/>
    <property name="sun.cpu.endian" value="little"/>
    <property name="user.home" value="C:\Users\vishr"/>
    <property name="user.language" value="en"/>
    <property name="java.specification.vendor" value="Oracle Corporation"/>
    <property name="java.version.date" value="2024-07-16"/>
    <property name="java.home" value="C:\Program Files\Java\jdk-21"/>
    <property name="file.separator" value="\"/>
    <property name="basedir" value="C:\Eclipse\workspace\POMSeleniumTest"/>
    <property name="java.vm.compressedOopsMode" value="32-bit"/>
    <property name="line.separator" value="&#10;"/>
    <property name="java.vm.specification.vendor" value="Oracle Corporation"/>
    <property name="java.specification.name" value="Java Platform API Specification"/>
    <property name="surefire.real.class.path" value="C:\Users\vishr\AppData\Local\Temp\surefire13867936037321964288\surefirebooter-20250102191458557_3.jar"/>
    <property name="user.script" value=""/>
    <property name="sun.management.compiler" value="HotSpot 64-Bit Tiered Compilers"/>
    <property name="java.runtime.version" value="21.0.4+8-LTS-274"/>
    <property name="user.name" value="vishr"/>
    <property name="stdout.encoding" value="Cp1252"/>
    <property name="path.separator" value=";"/>
    <property name="otel.metrics.exporter" value="none"/>
    <property name="os.version" value="10.0"/>
    <property name="java.runtime.name" value="Java(TM) SE Runtime Environment"/>
    <property name="otel.traces.exporter" value="none"/>
    <property name="file.encoding" value="UTF-8"/>
    <property name="java.vm.name" value="Java HotSpot(TM) 64-Bit Server VM"/>
    <property name="localRepository" value="C:\Users\vishr\.m2\repository"/>
    <property name="java.vendor.url.bug" value="https://bugreport.java.com/bugreport/"/>
    <property name="otel.logs.exporter" value="none"/>
    <property name="java.io.tmpdir" value="C:\Users\vishr\AppData\Local\Temp\"/>
    <property name="java.version" value="21.0.4"/>
    <property name="user.dir" value="C:\Eclipse\workspace\POMSeleniumTest"/>
    <property name="os.arch" value="amd64"/>
    <property name="java.vm.specification.name" value="Java Virtual Machine Specification"/>
    <property name="sun.os.patch.level" value=""/>
    <property name="native.encoding" value="Cp1252"/>
    <property name="java.library.path" value="C:\Program Files\Java\jdk-21\bin;C:\WINDOWS\Sun\Java\bin;C:\WINDOWS\system32;C:\WINDOWS;C:\Program Files\Common Files\Oracle\Java\javapath;C:\Python\Scripts\;C:\Python\;C:\WINDOWS\system32;C:\WINDOWS;C:\WINDOWS\System32\Wbem;C:\WINDOWS\System32\WindowsPowerShell\v1.0\;C:\Program Files\Intel\WiFi\bin\;C:\Program Files\Common Files\Intel\WirelessCommon\;c:\Program Files\Intel\IntelSGXPSW\bin\x64\Release\;c:\Program Files\Intel\IntelSGXPSW\bin\win32\Release\;C:\WINDOWS\System32\OpenSSH\;C:\Program Files (x86)\Intel\Intel(R) Management Engine Components\DAL;C:\Program Files\Intel\Intel(R) Management Engine Components\DAL;C:\ProgramData\chocolatey\bin;C:\Program Files\dotnet\;C:\Program Files\Java\jdk1.8.0_281\bin;C:\apache-maven-3.8.6\bin;C:\Program Files\nodejs\;C:\Program Files\Git\cmd;C:\Program Files\Docker\Docker\resources\bin;C:\Python39\Scripts\;C:\Python39\;C:\Users\vishr\AppData\Local\Microsoft\WindowsApps;C:\Program Files\JetBrains\PyCharm Community Edition 2020.2\bin;;C:\Users\vishr\AppData\Roaming\npm;C:\Users\vishr\AppData\Local\GitHubDesktop\bin;;C:\Users\vishr\AppData\Local\Programs\Microsoft VS Code\bin;."/>
    <property name="java.vm.info" value="mixed mode, sharing"/>
    <property name="stderr.encoding" value="Cp1252"/>
    <property name="java.vendor" value="Oracle Corporation"/>
    <property name="java.vm.version" value="21.0.4+8-LTS-274"/>
    <property name="sun.io.unicode.encoding" value="UnicodeLittle"/>
    <property name="java.class.version" value="65.0"/>
  </properties>
  <testcase name="blogPageTitleTest" classname="com.pta.qa.testcases.BlogPageTest" time="0.132">
    <system-out><![CDATA[01-02-2025 19:15:02 TestBase.java INFO  [main] base.TestBase 68 - Launch Chrome
Navigating to: https://practicetestautomation.com/practice-test-login/
Navigated to: https://practicetestautomation.com/practice-test-login/
Attempting to find element: By.xpath: //input[@id='username']
Element found: By.xpath: //input[@id='username']
Attempting to find element: By.xpath: //input[@id='password']
Element found: By.xpath: //input[@id='password']
Attempting to find element: By.xpath: //button[@id='submit']
Element found: By.xpath: //button[@id='submit']
Attempting to click on element: [[RemoteWebDriver: chrome on linux (e9cd2ba20cc632179065235c12b67fd2)] -> xpath: //button[@id='submit']]
Clicked on element: [[RemoteWebDriver: chrome on linux (e9cd2ba20cc632179065235c12b67fd2)] -> xpath: //button[@id='submit']]
Attempting to find element: By.xpath: //a[normalize-space()='Blog']
Element found: By.xpath: //a[normalize-space()='Blog']
Attempting to click on element: [[RemoteWebDriver: chrome on linux (e9cd2ba20cc632179065235c12b67fd2)] -> xpath: //a[normalize-space()='Blog']]
Clicked on element: [[RemoteWebDriver: chrome on linux (e9cd2ba20cc632179065235c12b67fd2)] -> xpath: //a[normalize-space()='Blog']]
01-02-2025 19:15:22 BlogPageTest.java INFO  [main] testcases.BlogPageTest 42 - Validate BLOG page title 
]]></system-out>
    <system-err><![CDATA[SLF4J(W): No SLF4J providers were found.
SLF4J(W): Defaulting to no-operation (NOP) logger implementation
SLF4J(W): See https://www.slf4j.org/codes.html#noProviders for further details.
Jan 02, 2025 7:15:03 PM org.openqa.selenium.remote.tracing.opentelemetry.OpenTelemetryTracer createTracer
INFO: Using OpenTelemetry for tracing
]]></system-err>
  </testcase>
  <testcase name="blogLinkTest" classname="com.pta.qa.testcases.BlogPageTest" time="0.189">
    <system-out><![CDATA[01-02-2025 19:15:22 TestBase.java INFO  [main] base.TestBase 68 - Launch Chrome
Navigating to: https://practicetestautomation.com/practice-test-login/
Navigated to: https://practicetestautomation.com/practice-test-login/
Attempting to find element: By.xpath: //input[@id='username']
Element found: By.xpath: //input[@id='username']
Attempting to find element: By.xpath: //input[@id='password']
Element found: By.xpath: //input[@id='password']
Attempting to find element: By.xpath: //button[@id='submit']
Element found: By.xpath: //button[@id='submit']
Attempting to click on element: [[RemoteWebDriver: chrome on linux (9c03b4f214638ef6d2b0b0e149384b5c)] -> xpath: //button[@id='submit']]
Clicked on element: [[RemoteWebDriver: chrome on linux (9c03b4f214638ef6d2b0b0e149384b5c)] -> xpath: //button[@id='submit']]
Attempting to find element: By.xpath: //a[normalize-space()='Blog']
Element found: By.xpath: //a[normalize-space()='Blog']
Attempting to click on element: [[RemoteWebDriver: chrome on linux (9c03b4f214638ef6d2b0b0e149384b5c)] -> xpath: //a[normalize-space()='Blog']]
Clicked on element: [[RemoteWebDriver: chrome on linux (9c03b4f214638ef6d2b0b0e149384b5c)] -> xpath: //a[normalize-space()='Blog']]
01-02-2025 19:15:30 BlogPageTest.java INFO  [main] testcases.BlogPageTest 48 - Validate BLOG page title 
Attempting to find element: By.xpath: //h2[contains(text(),'Engaging with the Selenium Community and Expanding')]
Element found: By.xpath: //h2[contains(text(),'Engaging with the Selenium Community and Expanding')]
]]></system-out>
  </testcase>
  <testcase name="contactPageTitleTest" classname="com.pta.qa.testcases.ContactPageTest" time="0.064">
    <system-out><![CDATA[01-02-2025 19:15:30 TestBase.java INFO  [main] base.TestBase 68 - Launch Chrome
Navigating to: https://practicetestautomation.com/practice-test-login/
Navigated to: https://practicetestautomation.com/practice-test-login/
Attempting to find element: By.xpath: //input[@id='username']
Element found: By.xpath: //input[@id='username']
Attempting to find element: By.xpath: //input[@id='password']
Element found: By.xpath: //input[@id='password']
Attempting to find element: By.xpath: //button[@id='submit']
Element found: By.xpath: //button[@id='submit']
Attempting to click on element: [[RemoteWebDriver: chrome on linux (6f41c2389b42674aade7c885f95d2847)] -> xpath: //button[@id='submit']]
Clicked on element: [[RemoteWebDriver: chrome on linux (6f41c2389b42674aade7c885f95d2847)] -> xpath: //button[@id='submit']]
Attempting to find element: By.xpath: //a[normalize-space()='Contact']
Element found: By.xpath: //a[normalize-space()='Contact']
Attempting to click on element: [[RemoteWebDriver: chrome on linux (6f41c2389b42674aade7c885f95d2847)] -> xpath: //a[normalize-space()='Contact']]
Clicked on element: [[RemoteWebDriver: chrome on linux (6f41c2389b42674aade7c885f95d2847)] -> xpath: //a[normalize-space()='Contact']]
]]></system-out>
  </testcase>
  <testcase name="contactPageTitleTestFailed" classname="com.pta.qa.testcases.ContactPageTest" time="0.059">
    <failure message="Contact page title not matched expected [Contact | Practice Test Automation | Selenium WebDriver1] but found [Contact | Practice Test Automation | Selenium WebDriver]" type="java.lang.AssertionError"><![CDATA[java.lang.AssertionError: Contact page title not matched expected [Contact | Practice Test Automation | Selenium WebDriver1] but found [Contact | Practice Test Automation | Selenium WebDriver]
	at org.testng.Assert.fail(Assert.java:111)
	at org.testng.Assert.failNotEquals(Assert.java:1578)
	at org.testng.Assert.assertEqualsImpl(Assert.java:150)
	at org.testng.Assert.assertEquals(Assert.java:132)
	at org.testng.Assert.assertEquals(Assert.java:656)
	at com.pta.qa.testcases.ContactPageTest.contactPageTitleTestFailed(ContactPageTest.java:75)
	at java.base/jdk.internal.reflect.DirectMethodHandleAccessor.invoke(DirectMethodHandleAccessor.java:103)
	at java.base/java.lang.reflect.Method.invoke(Method.java:580)
	at org.testng.internal.invokers.MethodInvocationHelper.invokeMethod(MethodInvocationHelper.java:141)
	at org.testng.internal.invokers.TestInvoker.invokeMethod(TestInvoker.java:686)
	at org.testng.internal.invokers.TestInvoker.invokeTestMethod(TestInvoker.java:230)
	at org.testng.internal.invokers.MethodRunner.runInSequence(MethodRunner.java:63)
	at org.testng.internal.invokers.TestInvoker$MethodInvocationAgent.invoke(TestInvoker.java:992)
	at org.testng.internal.invokers.TestInvoker.invokeTestMethods(TestInvoker.java:203)
	at org.testng.internal.invokers.TestMethodWorker.invokeTestMethods(TestMethodWorker.java:154)
	at org.testng.internal.invokers.TestMethodWorker.run(TestMethodWorker.java:134)
	at java.base/java.util.ArrayList.forEach(ArrayList.java:1596)
	at org.testng.TestRunner.privateRun(TestRunner.java:739)
	at org.testng.TestRunner.run(TestRunner.java:614)
	at org.testng.SuiteRunner.runTest(SuiteRunner.java:421)
	at org.testng.SuiteRunner.runSequentially(SuiteRunner.java:413)
	at org.testng.SuiteRunner.privateRun(SuiteRunner.java:373)
	at org.testng.SuiteRunner.run(SuiteRunner.java:312)
	at org.testng.SuiteRunnerWorker.runSuite(SuiteRunnerWorker.java:52)
	at org.testng.SuiteRunnerWorker.run(SuiteRunnerWorker.java:95)
	at org.testng.TestNG.runSuitesSequentially(TestNG.java:1274)
	at org.testng.TestNG.runSuitesLocally(TestNG.java:1208)
	at org.testng.TestNG.runSuites(TestNG.java:1112)
	at org.testng.TestNG.run(TestNG.java:1079)
	at org.apache.maven.surefire.testng.TestNGExecutor.run(TestNGExecutor.java:155)
	at org.apache.maven.surefire.testng.TestNGDirectoryTestSuite.executeMulti(TestNGDirectoryTestSuite.java:169)
	at org.apache.maven.surefire.testng.TestNGDirectoryTestSuite.execute(TestNGDirectoryTestSuite.java:88)
	at org.apache.maven.surefire.testng.TestNGProvider.invoke(TestNGProvider.java:137)
	at org.apache.maven.surefire.booter.ForkedBooter.runSuitesInProcess(ForkedBooter.java:385)
	at org.apache.maven.surefire.booter.ForkedBooter.execute(ForkedBooter.java:162)
	at org.apache.maven.surefire.booter.ForkedBooter.run(ForkedBooter.java:507)
	at org.apache.maven.surefire.booter.ForkedBooter.main(ForkedBooter.java:495)
]]></failure>
    <system-out><![CDATA[01-02-2025 19:15:39 TestBase.java INFO  [main] base.TestBase 68 - Launch Chrome
Navigating to: https://practicetestautomation.com/practice-test-login/
Navigated to: https://practicetestautomation.com/practice-test-login/
Attempting to find element: By.xpath: //input[@id='username']
Element found: By.xpath: //input[@id='username']
Attempting to find element: By.xpath: //input[@id='password']
Element found: By.xpath: //input[@id='password']
Attempting to find element: By.xpath: //button[@id='submit']
Element found: By.xpath: //button[@id='submit']
Attempting to click on element: [[RemoteWebDriver: chrome on linux (982c5bca7ba064e22ec780bde7af4f65)] -> xpath: //button[@id='submit']]
Clicked on element: [[RemoteWebDriver: chrome on linux (982c5bca7ba064e22ec780bde7af4f65)] -> xpath: //button[@id='submit']]
Attempting to find element: By.xpath: //a[normalize-space()='Contact']
Element found: By.xpath: //a[normalize-space()='Contact']
Attempting to click on element: [[RemoteWebDriver: chrome on linux (982c5bca7ba064e22ec780bde7af4f65)] -> xpath: //a[normalize-space()='Contact']]
Clicked on element: [[RemoteWebDriver: chrome on linux (982c5bca7ba064e22ec780bde7af4f65)] -> xpath: //a[normalize-space()='Contact']]
]]></system-out>
  </testcase>
  <testcase name="contactLinkTest" classname="com.pta.qa.testcases.ContactPageTest" time="0.233">
    <system-out><![CDATA[01-02-2025 19:15:46 TestBase.java INFO  [main] base.TestBase 68 - Launch Chrome
Navigating to: https://practicetestautomation.com/practice-test-login/
Navigated to: https://practicetestautomation.com/practice-test-login/
Attempting to find element: By.xpath: //input[@id='username']
Element found: By.xpath: //input[@id='username']
Attempting to find element: By.xpath: //input[@id='password']
Element found: By.xpath: //input[@id='password']
Attempting to find element: By.xpath: //button[@id='submit']
Element found: By.xpath: //button[@id='submit']
Attempting to click on element: [[RemoteWebDriver: chrome on linux (1edf48b93f38e6fee474badc2af38c19)] -> xpath: //button[@id='submit']]
Clicked on element: [[RemoteWebDriver: chrome on linux (1edf48b93f38e6fee474badc2af38c19)] -> xpath: //button[@id='submit']]
Attempting to find element: By.xpath: //a[normalize-space()='Contact']
Element found: By.xpath: //a[normalize-space()='Contact']
Attempting to click on element: [[RemoteWebDriver: chrome on linux (1edf48b93f38e6fee474badc2af38c19)] -> xpath: //a[normalize-space()='Contact']]
Clicked on element: [[RemoteWebDriver: chrome on linux (1edf48b93f38e6fee474badc2af38c19)] -> xpath: //a[normalize-space()='Contact']]
Attempting to find element: By.xpath: //h1[normalize-space()='Contact']
Element found: By.xpath: //h1[normalize-space()='Contact']
]]></system-out>
  </testcase>
  <testcase name="fillContactFormTest[Test1, Test1, test1@test.com, Testing](1)" classname="com.pta.qa.testcases.ContactPageTest" time="3.146">
    <system-out><![CDATA[01-02-2025 19:15:58 TestBase.java INFO  [main] base.TestBase 68 - Launch Chrome
Navigating to: https://practicetestautomation.com/practice-test-login/
Navigated to: https://practicetestautomation.com/practice-test-login/
Attempting to find element: By.xpath: //input[@id='username']
Element found: By.xpath: //input[@id='username']
Attempting to find element: By.xpath: //input[@id='password']
Element found: By.xpath: //input[@id='password']
Attempting to find element: By.xpath: //button[@id='submit']
Element found: By.xpath: //button[@id='submit']
Attempting to click on element: [[RemoteWebDriver: chrome on linux (4cb3a30c3dc4858ff6cea2fd5278813d)] -> xpath: //button[@id='submit']]
Clicked on element: [[RemoteWebDriver: chrome on linux (4cb3a30c3dc4858ff6cea2fd5278813d)] -> xpath: //button[@id='submit']]
Attempting to find element: By.xpath: //a[normalize-space()='Contact']
Element found: By.xpath: //a[normalize-space()='Contact']
Attempting to click on element: [[RemoteWebDriver: chrome on linux (4cb3a30c3dc4858ff6cea2fd5278813d)] -> xpath: //a[normalize-space()='Contact']]
Clicked on element: [[RemoteWebDriver: chrome on linux (4cb3a30c3dc4858ff6cea2fd5278813d)] -> xpath: //a[normalize-space()='Contact']]
Attempting to find element: By.xpath: //input[@id='wpforms-161-field_0']
Element found: By.xpath: //input[@id='wpforms-161-field_0']
Attempting to find element: By.xpath: //input[@id='wpforms-161-field_0-last']
Element found: By.xpath: //input[@id='wpforms-161-field_0-last']
Attempting to find element: By.xpath: //input[@id='wpforms-161-field_1']
Element found: By.xpath: //input[@id='wpforms-161-field_1']
Attempting to find element: By.xpath: //textarea[@id='wpforms-161-field_2']
Element found: By.xpath: //textarea[@id='wpforms-161-field_2']
]]></system-out>
  </testcase>
  <testcase name="fillContactFormTest[Test2, Test2, test2@test.com, Testing](2)" classname="com.pta.qa.testcases.ContactPageTest" time="1.916">
    <system-out><![CDATA[01-02-2025 19:16:16 TestBase.java INFO  [main] base.TestBase 68 - Launch Chrome
Navigating to: https://practicetestautomation.com/practice-test-login/
Navigated to: https://practicetestautomation.com/practice-test-login/
Attempting to find element: By.xpath: //input[@id='username']
Element found: By.xpath: //input[@id='username']
Attempting to find element: By.xpath: //input[@id='password']
Element found: By.xpath: //input[@id='password']
Attempting to find element: By.xpath: //button[@id='submit']
Element found: By.xpath: //button[@id='submit']
Attempting to click on element: [[RemoteWebDriver: chrome on linux (bd46da3eb0f1714d68976fe0eb6e8925)] -> xpath: //button[@id='submit']]
Clicked on element: [[RemoteWebDriver: chrome on linux (bd46da3eb0f1714d68976fe0eb6e8925)] -> xpath: //button[@id='submit']]
Attempting to find element: By.xpath: //a[normalize-space()='Contact']
Element found: By.xpath: //a[normalize-space()='Contact']
Attempting to click on element: [[RemoteWebDriver: chrome on linux (bd46da3eb0f1714d68976fe0eb6e8925)] -> xpath: //a[normalize-space()='Contact']]
Clicked on element: [[RemoteWebDriver: chrome on linux (bd46da3eb0f1714d68976fe0eb6e8925)] -> xpath: //a[normalize-space()='Contact']]
Attempting to find element: By.xpath: //input[@id='wpforms-161-field_0']
Element found: By.xpath: //input[@id='wpforms-161-field_0']
Attempting to find element: By.xpath: //input[@id='wpforms-161-field_0-last']
Element found: By.xpath: //input[@id='wpforms-161-field_0-last']
Attempting to find element: By.xpath: //input[@id='wpforms-161-field_1']
Element found: By.xpath: //input[@id='wpforms-161-field_1']
Attempting to find element: By.xpath: //textarea[@id='wpforms-161-field_2']
Element found: By.xpath: //textarea[@id='wpforms-161-field_2']
]]></system-out>
  </testcase>
  <testcase name="fillContactFormTest[Test3, Test3, test3@test.com, Testing](3)" classname="com.pta.qa.testcases.ContactPageTest" time="1.647">
    <system-out><![CDATA[01-02-2025 19:16:27 TestBase.java INFO  [main] base.TestBase 68 - Launch Chrome
Navigating to: https://practicetestautomation.com/practice-test-login/
Navigated to: https://practicetestautomation.com/practice-test-login/
Attempting to find element: By.xpath: //input[@id='username']
Element found: By.xpath: //input[@id='username']
Attempting to find element: By.xpath: //input[@id='password']
Element found: By.xpath: //input[@id='password']
Attempting to find element: By.xpath: //button[@id='submit']
Element found: By.xpath: //button[@id='submit']
Attempting to click on element: [[RemoteWebDriver: chrome on linux (6a0e24c61337611f36d791a38af64ebd)] -> xpath: //button[@id='submit']]
Clicked on element: [[RemoteWebDriver: chrome on linux (6a0e24c61337611f36d791a38af64ebd)] -> xpath: //button[@id='submit']]
Attempting to find element: By.xpath: //a[normalize-space()='Contact']
Element found: By.xpath: //a[normalize-space()='Contact']
Attempting to click on element: [[RemoteWebDriver: chrome on linux (6a0e24c61337611f36d791a38af64ebd)] -> xpath: //a[normalize-space()='Contact']]
Clicked on element: [[RemoteWebDriver: chrome on linux (6a0e24c61337611f36d791a38af64ebd)] -> xpath: //a[normalize-space()='Contact']]
Attempting to find element: By.xpath: //input[@id='wpforms-161-field_0']
Element found: By.xpath: //input[@id='wpforms-161-field_0']
Attempting to find element: By.xpath: //input[@id='wpforms-161-field_0-last']
Element found: By.xpath: //input[@id='wpforms-161-field_0-last']
Attempting to find element: By.xpath: //input[@id='wpforms-161-field_1']
Element found: By.xpath: //input[@id='wpforms-161-field_1']
Attempting to find element: By.xpath: //textarea[@id='wpforms-161-field_2']
Element found: By.xpath: //textarea[@id='wpforms-161-field_2']
]]></system-out>
  </testcase>
  <testcase name="courcesPageTitleTest" classname="com.pta.qa.testcases.CoursesPageTest" time="0.028">
    <system-out><![CDATA[01-02-2025 19:16:36 TestBase.java INFO  [main] base.TestBase 68 - Launch Chrome
Navigating to: https://practicetestautomation.com/practice-test-login/
Navigated to: https://practicetestautomation.com/practice-test-login/
Attempting to find element: By.xpath: //input[@id='username']
Element found: By.xpath: //input[@id='username']
Attempting to find element: By.xpath: //input[@id='password']
Element found: By.xpath: //input[@id='password']
Attempting to find element: By.xpath: //button[@id='submit']
Element found: By.xpath: //button[@id='submit']
Attempting to click on element: [[RemoteWebDriver: chrome on linux (fbbd73baaedadf48c934c5a6a33e0a4a)] -> xpath: //button[@id='submit']]
Clicked on element: [[RemoteWebDriver: chrome on linux (fbbd73baaedadf48c934c5a6a33e0a4a)] -> xpath: //button[@id='submit']]
Attempting to find element: By.xpath: //a[normalize-space()='Courses']
Element found: By.xpath: //a[normalize-space()='Courses']
Attempting to click on element: [[RemoteWebDriver: chrome on linux (fbbd73baaedadf48c934c5a6a33e0a4a)] -> xpath: //a[normalize-space()='Courses']]
Clicked on element: [[RemoteWebDriver: chrome on linux (fbbd73baaedadf48c934c5a6a33e0a4a)] -> xpath: //a[normalize-space()='Courses']]
]]></system-out>
  </testcase>
  <testcase name="coursesLinkTest" classname="com.pta.qa.testcases.CoursesPageTest" time="0.124">
    <system-out><![CDATA[01-02-2025 19:16:44 TestBase.java INFO  [main] base.TestBase 68 - Launch Chrome
Navigating to: https://practicetestautomation.com/practice-test-login/
Navigated to: https://practicetestautomation.com/practice-test-login/
Attempting to find element: By.xpath: //input[@id='username']
Element found: By.xpath: //input[@id='username']
Attempting to find element: By.xpath: //input[@id='password']
Element found: By.xpath: //input[@id='password']
Attempting to find element: By.xpath: //button[@id='submit']
Element found: By.xpath: //button[@id='submit']
Attempting to click on element: [[RemoteWebDriver: chrome on linux (46a630e8fa2a1489d4875e7d66da6d20)] -> xpath: //button[@id='submit']]
Clicked on element: [[RemoteWebDriver: chrome on linux (46a630e8fa2a1489d4875e7d66da6d20)] -> xpath: //button[@id='submit']]
Attempting to find element: By.xpath: //a[normalize-space()='Courses']
Element found: By.xpath: //a[normalize-space()='Courses']
Attempting to click on element: [[RemoteWebDriver: chrome on linux (46a630e8fa2a1489d4875e7d66da6d20)] -> xpath: //a[normalize-space()='Courses']]
Clicked on element: [[RemoteWebDriver: chrome on linux (46a630e8fa2a1489d4875e7d66da6d20)] -> xpath: //a[normalize-space()='Courses']]
Attempting to find element: By.xpath: //h1[normalize-space()='Courses']
Element found: By.xpath: //h1[normalize-space()='Courses']
]]></system-out>
  </testcase>
  <testcase name="homePageTitleTest" classname="com.pta.qa.testcases.HomePageTest" time="0.047">
    <system-out><![CDATA[01-02-2025 19:16:51 TestBase.java INFO  [main] base.TestBase 68 - Launch Chrome
Navigating to: https://practicetestautomation.com/practice-test-login/
Navigated to: https://practicetestautomation.com/practice-test-login/
Attempting to find element: By.xpath: //input[@id='username']
Element found: By.xpath: //input[@id='username']
Attempting to find element: By.xpath: //input[@id='password']
Element found: By.xpath: //input[@id='password']
Attempting to find element: By.xpath: //button[@id='submit']
Element found: By.xpath: //button[@id='submit']
Attempting to click on element: [[RemoteWebDriver: chrome on linux (36a1aef4c05f20948a8244d3435a08c2)] -> xpath: //button[@id='submit']]
Clicked on element: [[RemoteWebDriver: chrome on linux (36a1aef4c05f20948a8244d3435a08c2)] -> xpath: //button[@id='submit']]
]]></system-out>
  </testcase>
  <testcase name="loggedInSuccessfullyTest" classname="com.pta.qa.testcases.HomePageTest" time="0.305">
    <system-out><![CDATA[01-02-2025 19:16:56 TestBase.java INFO  [main] base.TestBase 68 - Launch Chrome
Navigating to: https://practicetestautomation.com/practice-test-login/
Navigated to: https://practicetestautomation.com/practice-test-login/
Attempting to find element: By.xpath: //input[@id='username']
Element found: By.xpath: //input[@id='username']
Attempting to find element: By.xpath: //input[@id='password']
Element found: By.xpath: //input[@id='password']
Attempting to find element: By.xpath: //button[@id='submit']
Element found: By.xpath: //button[@id='submit']
Attempting to click on element: [[RemoteWebDriver: chrome on linux (e2a902536c5cde0fc23633dd95927de8)] -> xpath: //button[@id='submit']]
Clicked on element: [[RemoteWebDriver: chrome on linux (e2a902536c5cde0fc23633dd95927de8)] -> xpath: //button[@id='submit']]
Attempting to find element: By.xpath: //h1[normalize-space()='Logged In Successfully']
Element found: By.xpath: //h1[normalize-space()='Logged In Successfully']
]]></system-out>
  </testcase>
  <testcase name="logoutTest" classname="com.pta.qa.testcases.HomePageTest" time="0.628">
    <system-out><![CDATA[01-02-2025 19:17:01 TestBase.java INFO  [main] base.TestBase 68 - Launch Chrome
Navigating to: https://practicetestautomation.com/practice-test-login/
Navigated to: https://practicetestautomation.com/practice-test-login/
Attempting to find element: By.xpath: //input[@id='username']
Element found: By.xpath: //input[@id='username']
Attempting to find element: By.xpath: //input[@id='password']
Element found: By.xpath: //input[@id='password']
Attempting to find element: By.xpath: //button[@id='submit']
Element found: By.xpath: //button[@id='submit']
Attempting to click on element: [[RemoteWebDriver: chrome on linux (a529df644cdc9778ed5f0d68e76ade0d)] -> xpath: //button[@id='submit']]
Clicked on element: [[RemoteWebDriver: chrome on linux (a529df644cdc9778ed5f0d68e76ade0d)] -> xpath: //button[@id='submit']]
Attempting to find element: By.xpath: //a[normalize-space()='Log out']
Element found: By.xpath: //a[normalize-space()='Log out']
Attempting to click on element: [[RemoteWebDriver: chrome on linux (a529df644cdc9778ed5f0d68e76ade0d)] -> xpath: //a[normalize-space()='Log out']]
Clicked on element: [[RemoteWebDriver: chrome on linux (a529df644cdc9778ed5f0d68e76ade0d)] -> xpath: //a[normalize-space()='Log out']]
]]></system-out>
  </testcase>
  <testcase name="contactLinkTest" classname="com.pta.qa.testcases.HomePageTest" time="3.245">
    <system-out><![CDATA[01-02-2025 19:17:07 TestBase.java INFO  [main] base.TestBase 68 - Launch Chrome
Navigating to: https://practicetestautomation.com/practice-test-login/
Navigated to: https://practicetestautomation.com/practice-test-login/
Attempting to find element: By.xpath: //input[@id='username']
Element found: By.xpath: //input[@id='username']
Attempting to find element: By.xpath: //input[@id='password']
Element found: By.xpath: //input[@id='password']
Attempting to find element: By.xpath: //button[@id='submit']
Element found: By.xpath: //button[@id='submit']
Attempting to click on element: [[RemoteWebDriver: chrome on linux (0725b5ce60bf480fc5f63eb6ea517b41)] -> xpath: //button[@id='submit']]
Clicked on element: [[RemoteWebDriver: chrome on linux (0725b5ce60bf480fc5f63eb6ea517b41)] -> xpath: //button[@id='submit']]
Attempting to find element: By.xpath: //a[normalize-space()='Contact']
Element found: By.xpath: //a[normalize-space()='Contact']
Attempting to click on element: [[RemoteWebDriver: chrome on linux (0725b5ce60bf480fc5f63eb6ea517b41)] -> xpath: //a[normalize-space()='Contact']]
Clicked on element: [[RemoteWebDriver: chrome on linux (0725b5ce60bf480fc5f63eb6ea517b41)] -> xpath: //a[normalize-space()='Contact']]
]]></system-out>
  </testcase>
  <testcase name="loginPageTitleTest" classname="com.pta.qa.testcases.LoginPageTest" time="0.024">
    <system-out><![CDATA[01-02-2025 19:17:15 TestBase.java INFO  [main] base.TestBase 68 - Launch Chrome
Navigating to: https://practicetestautomation.com/practice-test-login/
Navigated to: https://practicetestautomation.com/practice-test-login/
]]></system-out>
  </testcase>
  <testcase name="practiceTestAutomationImageTest" classname="com.pta.qa.testcases.LoginPageTest" time="0.167">
    <system-out><![CDATA[01-02-2025 19:17:18 TestBase.java INFO  [main] base.TestBase 68 - Launch Chrome
Navigating to: https://practicetestautomation.com/practice-test-login/
Navigated to: https://practicetestautomation.com/practice-test-login/
Attempting to find element: By.xpath: //img[@alt='Practice Test Automation']
Element found: By.xpath: //img[@alt='Practice Test Automation']
]]></system-out>
  </testcase>
  <testcase name="loginTest" classname="com.pta.qa.testcases.LoginPageTest" time="1.431">
    <system-out><![CDATA[01-02-2025 19:17:22 TestBase.java INFO  [main] base.TestBase 68 - Launch Chrome
Navigating to: https://practicetestautomation.com/practice-test-login/
Navigated to: https://practicetestautomation.com/practice-test-login/
Attempting to find element: By.xpath: //input[@id='username']
Element found: By.xpath: //input[@id='username']
Attempting to find element: By.xpath: //input[@id='password']
Element found: By.xpath: //input[@id='password']
Attempting to find element: By.xpath: //button[@id='submit']
Element found: By.xpath: //button[@id='submit']
Attempting to click on element: [[RemoteWebDriver: chrome on linux (325fe821332e370cd6ac1b57db62e746)] -> xpath: //button[@id='submit']]
Clicked on element: [[RemoteWebDriver: chrome on linux (325fe821332e370cd6ac1b57db62e746)] -> xpath: //button[@id='submit']]
]]></system-out>
  </testcase>
  <testcase name="practicePageTitleTest" classname="com.pta.qa.testcases.PracticePageTest" time="0.048">
    <system-out><![CDATA[01-02-2025 19:17:27 TestBase.java INFO  [main] base.TestBase 68 - Launch Chrome
Navigating to: https://practicetestautomation.com/practice-test-login/
Navigated to: https://practicetestautomation.com/practice-test-login/
Attempting to find element: By.xpath: //input[@id='username']
Element found: By.xpath: //input[@id='username']
Attempting to find element: By.xpath: //input[@id='password']
Element found: By.xpath: //input[@id='password']
Attempting to find element: By.xpath: //button[@id='submit']
Element found: By.xpath: //button[@id='submit']
Attempting to click on element: [[RemoteWebDriver: chrome on linux (2dd9f9b936f7eb2a1f3fa4ea282549c9)] -> xpath: //button[@id='submit']]
Clicked on element: [[RemoteWebDriver: chrome on linux (2dd9f9b936f7eb2a1f3fa4ea282549c9)] -> xpath: //button[@id='submit']]
Attempting to find element: By.xpath: //a[normalize-space()='Practice']
Element found: By.xpath: //a[normalize-space()='Practice']
Attempting to click on element: [[RemoteWebDriver: chrome on linux (2dd9f9b936f7eb2a1f3fa4ea282549c9)] -> xpath: //a[normalize-space()='Practice']]
Clicked on element: [[RemoteWebDriver: chrome on linux (2dd9f9b936f7eb2a1f3fa4ea282549c9)] -> xpath: //a[normalize-space()='Practice']]
]]></system-out>
  </testcase>
  <testcase name="practiceLinkTest" classname="com.pta.qa.testcases.PracticePageTest" time="0.104">
    <system-out><![CDATA[01-02-2025 19:17:32 TestBase.java INFO  [main] base.TestBase 68 - Launch Chrome
Navigating to: https://practicetestautomation.com/practice-test-login/
Navigated to: https://practicetestautomation.com/practice-test-login/
Attempting to find element: By.xpath: //input[@id='username']
Element found: By.xpath: //input[@id='username']
Attempting to find element: By.xpath: //input[@id='password']
Element found: By.xpath: //input[@id='password']
Attempting to find element: By.xpath: //button[@id='submit']
Element found: By.xpath: //button[@id='submit']
Attempting to click on element: [[RemoteWebDriver: chrome on linux (030f1b64ba2e04c7524445f34730ada2)] -> xpath: //button[@id='submit']]
Clicked on element: [[RemoteWebDriver: chrome on linux (030f1b64ba2e04c7524445f34730ada2)] -> xpath: //button[@id='submit']]
Attempting to find element: By.xpath: //a[normalize-space()='Practice']
Element found: By.xpath: //a[normalize-space()='Practice']
Attempting to click on element: [[RemoteWebDriver: chrome on linux (030f1b64ba2e04c7524445f34730ada2)] -> xpath: //a[normalize-space()='Practice']]
Clicked on element: [[RemoteWebDriver: chrome on linux (030f1b64ba2e04c7524445f34730ada2)] -> xpath: //a[normalize-space()='Practice']]
Attempting to find element: By.xpath: //h1[normalize-space()='Practice']
Element found: By.xpath: //h1[normalize-space()='Practice']
]]></system-out>
  </testcase>
  <testcase name="test_1" classname="com.qa.api.testcases.TestExamples" time="2.628">
    <system-out><![CDATA[200
1173
{"page":2,"per_page":6,"total":12,"total_pages":2,"data":[{"id":7,"email":"michael.lawson@reqres.in","first_name":"Michael","last_name":"Lawson","avatar":"https://reqres.in/img/faces/7-image.jpg"},{"id":8,"email":"lindsay.ferguson@reqres.in","first_name":"Lindsay","last_name":"Ferguson","avatar":"https://reqres.in/img/faces/8-image.jpg"},{"id":9,"email":"tobias.funke@reqres.in","first_name":"Tobias","last_name":"Funke","avatar":"https://reqres.in/img/faces/9-image.jpg"},{"id":10,"email":"byron.fields@reqres.in","first_name":"Byron","last_name":"Fields","avatar":"https://reqres.in/img/faces/10-image.jpg"},{"id":11,"email":"george.edwards@reqres.in","first_name":"George","last_name":"Edwards","avatar":"https://reqres.in/img/faces/11-image.jpg"},{"id":12,"email":"rachel.howell@reqres.in","first_name":"Rachel","last_name":"Howell","avatar":"https://reqres.in/img/faces/12-image.jpg"}],"support":{"url":"https://contentcaddy.io?utm_source=reqres&utm_medium=json&utm_campaign=referral","text":"Tired of writing endless social media content? Let Content Caddy generate it for you."}}
HTTP/1.1 200 OK
application/json; charset=utf-8
]]></system-out>
  </testcase>
  <testcase name="test_2" classname="com.qa.api.testcases.TestExamples" time="1.568">
    <system-out><![CDATA[HTTP/1.1 200 OK
Date: Thu, 02 Jan 2025 13:47:41 GMT
Content-Type: application/json; charset=utf-8
Transfer-Encoding: chunked
Connection: keep-alive
Report-To: {"group":"heroku-nel","max_age":3600,"endpoints":[{"url":"https://nel.heroku.com/reports?ts=1735814633&sid=c4c9725f-1ab0-44d8-820f-430df2718e11&s=0s6OesY4iueAz6jVHLmENRSDLgiQ0zFa%2FAA0KzDo6aU%3D"}]}
Reporting-Endpoints: heroku-nel=https://nel.heroku.com/reports?ts=1735814633&sid=c4c9725f-1ab0-44d8-820f-430df2718e11&s=0s6OesY4iueAz6jVHLmENRSDLgiQ0zFa%2FAA0KzDo6aU%3D
Nel: {"report_to":"heroku-nel","max_age":3600,"success_fraction":0.005,"failure_fraction":0.05,"response_headers":["Via"]}
X-Powered-By: Express
Access-Control-Allow-Origin: *
Etag: W/"440-ZjsmMKR8P3usr2uJZbOCGCxC3Uw"
Via: 1.1 vegur
Cache-Control: max-age=14400
CF-Cache-Status: HIT
Age: 3791
Vary: Accept-Encoding
Server: cloudflare
CF-RAY: 8fbb33d14f85a929-MAA
Content-Encoding: gzip
server-timing: cfL4;desc="?proto=TCP&rtt=12026&min_rtt=11901&rtt_var=4552&sent=5&recv=6&lost=0&retrans=0&sent_bytes=3106&recv_bytes=751&delivery_rate=368036&cwnd=252&unsent_bytes=0&cid=9d940307ed168559&ts=41&x=0"

{
    "page": 2,
    "per_page": 6,
    "total": 12,
    "total_pages": 2,
    "data": [
        {
            "id": 7,
            "email": "michael.lawson@reqres.in",
            "first_name": "Michael",
            "last_name": "Lawson",
            "avatar": "https://reqres.in/img/faces/7-image.jpg"
        },
        {
            "id": 8,
            "email": "lindsay.ferguson@reqres.in",
            "first_name": "Lindsay",
            "last_name": "Ferguson",
            "avatar": "https://reqres.in/img/faces/8-image.jpg"
        },
        {
            "id": 9,
            "email": "tobias.funke@reqres.in",
            "first_name": "Tobias",
            "last_name": "Funke",
            "avatar": "https://reqres.in/img/faces/9-image.jpg"
        },
        {
            "id": 10,
            "email": "byron.fields@reqres.in",
            "first_name": "Byron",
            "last_name": "Fields",
            "avatar": "https://reqres.in/img/faces/10-image.jpg"
        },
        {
            "id": 11,
            "email": "george.edwards@reqres.in",
            "first_name": "George",
            "last_name": "Edwards",
            "avatar": "https://reqres.in/img/faces/11-image.jpg"
        },
        {
            "id": 12,
            "email": "rachel.howell@reqres.in",
            "first_name": "Rachel",
            "last_name": "Howell",
            "avatar": "https://reqres.in/img/faces/12-image.jpg"
        }
    ],
    "support": {
        "url": "https://contentcaddy.io?utm_source=reqres&utm_medium=json&utm_campaign=referral",
        "text": "Tired of writing endless social media content? Let Content Caddy generate it for you."
    }
}
]]></system-out>
  </testcase>
</testsuite>