<?xml version="1.0" encoding="UTF-8"?>
<!-- Generated by org.testng.reporters.JUnitReportReporter -->
<testsuite hostname="LAPTOP-9MKQQPJI" failures="0" tests="1" name="com.qa.api.testcases.GetAndPostExamples" time="3.707" errors="0" timestamp="2024-12-30T01:04:24 IST" skipped="0">
  <testcase classname="com.qa.api.testcases.GetAndPostExamples" name="test_post" time="3.707"/>
  <system-out/>
</testsuite> <!-- com.qa.api.testcases.GetAndPostExamples -->
