<?xml version="1.0" encoding="UTF-8"?>
<!-- Generated by org.testng.reporters.JUnitReportReporter -->
<testsuite hostname="LAPTOP-9MKQQPJI" failures="0" tests="1" name="com.qa.api.testcases.PutPatchDeleteExample" time="3.610" errors="0" timestamp="2024-12-30T01:15:54 IST" skipped="0">
  <testcase classname="com.qa.api.testcases.PutPatchDeleteExample" name="test_delete" time="3.610"/>
  <system-out/>
</testsuite> <!-- com.qa.api.testcases.PutPatchDeleteExample -->
