<?xml version="1.0" encoding="UTF-8"?>
<!-- Generated by org.testng.reporters.JUnitReportReporter -->
<testsuite hostname="LAPTOP-9MKQQPJI" failures="0" tests="1" name="com.pta.qa.testcases.ContactPageTest" time="41.560" errors="0" timestamp="2024-12-25T16:14:09 IST" skipped="0">
  <testcase classname="com.pta.qa.testcases.ContactPageTest" name="contactPageTitleTest" time="41.560"/>
</testsuite> <!-- com.pta.qa.testcases.ContactPageTest -->
