<?xml version="1.0" encoding="UTF-8"?>
<!-- Generated by org.testng.reporters.JUnitReportReporter -->
<testsuite hostname="LAPTOP-9MKQQPJI" failures="0" tests="1" name="com.qa.api.testcases.TestExamples" time="11.586" errors="0" timestamp="2024-12-29T22:30:31 IST" skipped="0">
  <testcase classname="com.qa.api.testcases.TestExamples" name="test_2" time="11.586"/>
  <system-out/>
</testsuite> <!-- com.qa.api.testcases.TestExamples -->
