<?xml version="1.0" encoding="UTF-8"?>
<!-- Generated by org.testng.reporters.JUnitReportReporter -->
<testsuite hostname="LAPTOP-9MKQQPJI" failures="0" tests="3" name="com.pta.qa.testcases.LoginPageTest" time="22.849" errors="0" timestamp="2024-12-11T11:30:52 IST" skipped="0">
  <testcase classname="com.pta.qa.testcases.LoginPageTest" name="loginPageTitleTest" time="9.697"/>
  <testcase classname="com.pta.qa.testcases.LoginPageTest" name="practiceTestAutomationImageTest" time="6.086"/>
  <testcase classname="com.pta.qa.testcases.LoginPageTest" name="loginTest" time="7.066"/>
</testsuite> <!-- com.pta.qa.testcases.LoginPageTest -->
