<?xml version="1.0" encoding="UTF-8"?>
<!-- Generated by org.testng.reporters.JUnitReportReporter -->
<testsuite hostname="LAPTOP-9MKQQPJI" failures="0" tests="2" name="com.pta.qa.testcases.BlogPageTest" time="18.222" errors="0" timestamp="2024-12-27T11:10:03 IST" skipped="0">
  <testcase classname="com.pta.qa.testcases.BlogPageTest" name="blogPageTitleTest" time="6.595"/>
  <system-out/>
  <testcase classname="com.pta.qa.testcases.BlogPageTest" name="blogLinkTest" time="11.627"/>
  <system-out/>
</testsuite> <!-- com.pta.qa.testcases.BlogPageTest -->
