<?xml version="1.0" encoding="UTF-8"?>
<!-- Generated by org.testng.reporters.JUnitReportReporter -->
<testsuite hostname="LAPTOP-9MKQQPJI" failures="0" tests="2" name="com.pta.qa.testcases.ContactPageTest" time="21.845" errors="0" timestamp="2024-12-11T00:04:07 IST" skipped="0">
  <testcase classname="com.pta.qa.testcases.ContactPageTest" name="contactPageTitleTest" time="11.121"/>
  <testcase classname="com.pta.qa.testcases.ContactPageTest" name="verifyContact_txt" time="10.724"/>
</testsuite> <!-- com.pta.qa.testcases.ContactPageTest -->
