<?xml version="1.0" encoding="UTF-8"?>
<!-- Generated by org.testng.reporters.JUnitReportReporter -->
<testsuite hostname="LAPTOP-9MKQQPJI" failures="0" tests="2" name="com.pta.qa.testcases.BlogPageTest" time="15.046" errors="0" timestamp="2024-12-20T18:06:10 IST" skipped="0">
  <testcase classname="com.pta.qa.testcases.BlogPageTest" name="blogPageTitleTest" time="9.448"/>
  <testcase classname="com.pta.qa.testcases.BlogPageTest" name="blogLinkTest" time="5.598"/>
</testsuite> <!-- com.pta.qa.testcases.BlogPageTest -->
