<?xml version="1.0" encoding="UTF-8"?>
<!-- Generated by org.testng.reporters.JUnitReportReporter -->
<testsuite hostname="LAPTOP-9MKQQPJI" failures="0" tests="3" name="com.pta.qa.testcases.ContactPageTest" time="39.952" errors="0" timestamp="2024-12-22T23:55:13 IST" skipped="0">
  <testcase classname="com.pta.qa.testcases.ContactPageTest" name="fillContactFormTest" time="18.009"/>
  <testcase classname="com.pta.qa.testcases.ContactPageTest" name="fillContactFormTest" time="10.833"/>
  <testcase classname="com.pta.qa.testcases.ContactPageTest" name="fillContactFormTest" time="11.110"/>
</testsuite> <!-- com.pta.qa.testcases.ContactPageTest -->
