<?xml version="1.0" encoding="UTF-8"?>
<!-- Generated by org.testng.reporters.JUnitReportReporter -->
<testsuite hostname="LAPTOP-9MKQQPJI" failures="0" tests="2" name="com.pta.qa.testcases.CoursesPageTest" time="17.538" errors="0" timestamp="2024-12-11T11:30:52 IST" skipped="0">
  <testcase classname="com.pta.qa.testcases.CoursesPageTest" name="courcesPageTitleTest" time="7.838"/>
  <testcase classname="com.pta.qa.testcases.CoursesPageTest" name="coursesLinkTest" time="9.700"/>
</testsuite> <!-- com.pta.qa.testcases.CoursesPageTest -->
