<?xml version="1.0" encoding="UTF-8"?>
<!-- Generated by org.testng.reporters.JUnitReportReporter -->
<testsuite hostname="LAPTOP-9MKQQPJI" failures="0" tests="4" name="com.pta.qa.testcases.HomePageTest" time="36.662" errors="0" timestamp="2024-12-11T11:30:52 IST" skipped="0">
  <testcase classname="com.pta.qa.testcases.HomePageTest" name="homePageTitleTest" time="7.506"/>
  <testcase classname="com.pta.qa.testcases.HomePageTest" name="loggedInSuccessfullyTest" time="7.557"/>
  <testcase classname="com.pta.qa.testcases.HomePageTest" name="logoutTest" time="9.389"/>
  <testcase classname="com.pta.qa.testcases.HomePageTest" name="contactLinkTest" time="12.210"/>
</testsuite> <!-- com.pta.qa.testcases.HomePageTest -->
