<?xml version="1.0" encoding="UTF-8"?>
<!-- Generated by org.testng.reporters.JUnitReportReporter -->
<testsuite hostname="LAPTOP-9MKQQPJI" failures="0" tests="3" name="com.pta.qa.testcases.LoginPageTest" time="20.703" errors="0" timestamp="2024-12-11T00:10:31 IST" skipped="0">
  <testcase classname="com.pta.qa.testcases.LoginPageTest" name="loginPageTitleTest" time="5.849"/>
  <testcase classname="com.pta.qa.testcases.LoginPageTest" name="crmLogoImageTest" time="7.027"/>
  <testcase classname="com.pta.qa.testcases.LoginPageTest" name="loginTest" time="7.827"/>
</testsuite> <!-- com.pta.qa.testcases.LoginPageTest -->
