<?xml version="1.0" encoding="UTF-8"?>
<!-- Generated by org.testng.reporters.JUnitReportReporter -->
<testsuite hostname="LAPTOP-9MKQQPJI" failures="0" tests="2" name="com.pta.qa.testcases.BlogPageTest" time="39.939" errors="0" timestamp="2024-12-26T01:37:30 IST" skipped="0">
  <testcase classname="com.pta.qa.testcases.BlogPageTest" name="blogPageTitleTest" time="18.207"/>
  <testcase classname="com.pta.qa.testcases.BlogPageTest" name="blogLinkTest" time="21.732"/>
</testsuite> <!-- com.pta.qa.testcases.BlogPageTest -->
