<?xml version="1.0" encoding="UTF-8"?>
<!-- Generated by org.testng.reporters.JUnitReportReporter -->
<testsuite hostname="LAPTOP-9MKQQPJI" failures="0" tests="4" name="com.pta.qa.testcases.HomePageTest" time="33.554" errors="0" timestamp="2024-12-11T00:04:07 IST" skipped="0">
  <testcase classname="com.pta.qa.testcases.HomePageTest" name="homePageTitleTest" time="7.519"/>
  <testcase classname="com.pta.qa.testcases.HomePageTest" name="verifyLoggedInSuccessfully_txt" time="6.925"/>
  <testcase classname="com.pta.qa.testcases.HomePageTest" name="logout" time="8.216"/>
  <testcase classname="com.pta.qa.testcases.HomePageTest" name="verifyContactLinkTest" time="10.894"/>
</testsuite> <!-- com.pta.qa.testcases.HomePageTest -->
