<?xml version="1.0" encoding="UTF-8"?>
<!-- Generated by org.testng.reporters.JUnitReportReporter -->
<testsuite hostname="LAPTOP-9MKQQPJI" failures="0" tests="3" name="com.pta.qa.testcases.LoginPageTest" time="18.562" errors="0" timestamp="2024-12-10T13:49:26 IST" skipped="0">
  <testcase classname="com.pta.qa.testcases.LoginPageTest" name="loginPageTitleTest" time="6.818"/>
  <testcase classname="com.pta.qa.testcases.LoginPageTest" name="crmLogoImageTest" time="5.272"/>
  <testcase classname="com.pta.qa.testcases.LoginPageTest" name="loginTest" time="6.472"/>
</testsuite> <!-- com.pta.qa.testcases.LoginPageTest -->
