<?xml version="1.0" encoding="UTF-8"?>
<!-- Generated by org.testng.reporters.JUnitReportReporter -->
<testsuite hostname="LAPTOP-9MKQQPJI" failures="0" tests="2" name="com.pta.qa.testcases.PracticePageTest" time="16.534" errors="0" timestamp="2024-12-11T11:30:52 IST" skipped="0">
  <testcase classname="com.pta.qa.testcases.PracticePageTest" name="practicePageTitleTest" time="8.691"/>
  <testcase classname="com.pta.qa.testcases.PracticePageTest" name="practiceLinkTest" time="7.843"/>
</testsuite> <!-- com.pta.qa.testcases.PracticePageTest -->
