<?xml version="1.0" encoding="UTF-8"?>
<!-- Generated by org.testng.reporters.JUnitReportReporter -->
<testsuite hostname="LAPTOP-9MKQQPJI" failures="0" tests="2" name="com.qa.api.testcases.TestExamples" time="4.189" errors="0" timestamp="2025-01-02T19:17:43 IST" skipped="0">
  <testcase classname="com.qa.api.testcases.TestExamples" name="test_1" time="2.610"/>
  <testcase classname="com.qa.api.testcases.TestExamples" name="test_2" time="1.579"/>
</testsuite> <!-- com.qa.api.testcases.TestExamples -->
