<?xml version="1.0" encoding="UTF-8"?>
<!-- Generated by org.testng.reporters.JUnitReportReporter -->
<testsuite hostname="LAPTOP-9MKQQPJI" failures="0" tests="3" name="com.pta.qa.testcases.LoginPageTest" time="11.668" errors="0" timestamp="2025-01-02T19:17:43 IST" skipped="0">
  <testcase classname="com.pta.qa.testcases.LoginPageTest" name="loginPageTitleTest" time="3.139"/>
  <testcase classname="com.pta.qa.testcases.LoginPageTest" name="practiceTestAutomationImageTest" time="3.763"/>
  <testcase classname="com.pta.qa.testcases.LoginPageTest" name="loginTest" time="4.766"/>
</testsuite> <!-- com.pta.qa.testcases.LoginPageTest -->
