<?xml version="1.0" encoding="UTF-8"?>
<!-- Generated by org.testng.reporters.JUnitReportReporter -->
<testsuite hostname="LAPTOP-9MKQQPJI" failures="0" tests="4" name="com.pta.qa.testcases.HomePageTest" time="33.184" errors="0" timestamp="2024-12-27T20:01:51 IST" skipped="0">
  <testcase classname="com.pta.qa.testcases.HomePageTest" name="homePageTitleTest" time="9.267"/>
  <testcase classname="com.pta.qa.testcases.HomePageTest" name="loggedInSuccessfullyTest" time="7.019"/>
  <testcase classname="com.pta.qa.testcases.HomePageTest" name="logoutTest" time="7.121"/>
  <testcase classname="com.pta.qa.testcases.HomePageTest" name="contactLinkTest" time="9.777"/>
</testsuite> <!-- com.pta.qa.testcases.HomePageTest -->
