<?xml version="1.0" encoding="UTF-8"?>
<!-- Generated by org.testng.reporters.JUnitReportReporter -->
<testsuite hostname="LAPTOP-9MKQQPJI" failures="0" tests="2" name="com.pta.qa.testcases.BlogPageTest" time="61.701" errors="0" timestamp="2024-12-27T20:01:51 IST" skipped="0">
  <testcase classname="com.pta.qa.testcases.BlogPageTest" name="blogPageTitleTest" time="17.055"/>
  <testcase classname="com.pta.qa.testcases.BlogPageTest" name="blogLinkTest" time="44.646"/>
</testsuite> <!-- com.pta.qa.testcases.BlogPageTest -->
