<?xml version="1.0" encoding="UTF-8"?>
<!-- Generated by org.testng.reporters.JUnitReportReporter -->
<testsuite hostname="LAPTOP-9MKQQPJI" failures="0" tests="2" name="com.pta.qa.testcases.BlogPageTest" time="76.420" errors="0" timestamp="2024-12-26T23:43:17 IST" skipped="0">
  <testcase classname="com.pta.qa.testcases.BlogPageTest" name="blogPageTitleTest" time="13.258"/>
  <testcase classname="com.pta.qa.testcases.BlogPageTest" name="blogLinkTest" time="63.162"/>
</testsuite> <!-- com.pta.qa.testcases.BlogPageTest -->
