<?xml version="1.0" encoding="UTF-8"?>
<!-- Generated by org.testng.reporters.JUnitReportReporter -->
<testsuite hostname="LAPTOP-9MKQQPJI" failures="0" tests="3" name="com.pta.qa.testcases.LoginPageTest" time="17.886" errors="0" timestamp="2024-12-27T20:01:51 IST" skipped="0">
  <testcase classname="com.pta.qa.testcases.LoginPageTest" name="loginPageTitleTest" time="6.063"/>
  <testcase classname="com.pta.qa.testcases.LoginPageTest" name="practiceTestAutomationImageTest" time="4.213"/>
  <testcase classname="com.pta.qa.testcases.LoginPageTest" name="loginTest" time="7.610"/>
</testsuite> <!-- com.pta.qa.testcases.LoginPageTest -->
