<?xml version="1.0" encoding="UTF-8"?>
<!-- Generated by org.testng.reporters.JUnitReportReporter -->
<testsuite hostname="LAPTOP-9MKQQPJI" failures="0" tests="2" name="com.pta.qa.testcases.PracticePageTest" time="11.216" errors="0" timestamp="2025-01-02T19:17:43 IST" skipped="0">
  <testcase classname="com.pta.qa.testcases.PracticePageTest" name="practicePageTitleTest" time="5.984"/>
  <testcase classname="com.pta.qa.testcases.PracticePageTest" name="practiceLinkTest" time="5.232"/>
</testsuite> <!-- com.pta.qa.testcases.PracticePageTest -->
