<?xml version="1.0" encoding="UTF-8"?>
<!-- Generated by org.testng.reporters.JUnitReportReporter -->
<testsuite hostname="LAPTOP-9MKQQPJI" failures="0" tests="4" name="com.pta.qa.testcases.HomePageTest" time="24.330" errors="0" timestamp="2025-01-02T19:17:43 IST" skipped="0">
  <testcase classname="com.pta.qa.testcases.HomePageTest" name="homePageTitleTest" time="5.092"/>
  <testcase classname="com.pta.qa.testcases.HomePageTest" name="loggedInSuccessfullyTest" time="5.093"/>
  <testcase classname="com.pta.qa.testcases.HomePageTest" name="logoutTest" time="5.607"/>
  <testcase classname="com.pta.qa.testcases.HomePageTest" name="contactLinkTest" time="8.538"/>
</testsuite> <!-- com.pta.qa.testcases.HomePageTest -->
