<?xml version="1.0" encoding="UTF-8"?>
<!-- Generated by org.testng.reporters.JUnitReportReporter -->
<testsuite hostname="LAPTOP-9MKQQPJI" failures="0" tests="2" name="com.pta.qa.testcases.CoursesPageTest" time="14.335" errors="0" timestamp="2025-01-02T19:17:43 IST" skipped="0">
  <testcase classname="com.pta.qa.testcases.CoursesPageTest" name="courcesPageTitleTest" time="7.613"/>
  <testcase classname="com.pta.qa.testcases.CoursesPageTest" name="coursesLinkTest" time="6.722"/>
</testsuite> <!-- com.pta.qa.testcases.CoursesPageTest -->
