<?xml version="1.0" encoding="UTF-8"?>
<!-- Generated by org.testng.reporters.JUnitReportReporter -->
<testsuite hostname="LAPTOP-9MKQQPJI" failures="0" tests="2" name="com.pta.qa.testcases.BlogPageTest" time="132.134" errors="0" timestamp="2024-12-26T01:51:29 IST" skipped="0">
  <testcase classname="com.pta.qa.testcases.BlogPageTest" name="blogPageTitleTest" time="112.762"/>
  <testcase classname="com.pta.qa.testcases.BlogPageTest" name="blogLinkTest" time="19.372"/>
</testsuite> <!-- com.pta.qa.testcases.BlogPageTest -->
