<?xml version="1.0" encoding="UTF-8"?>
<!-- Generated by org.testng.reporters.JUnitReportReporter -->
<testsuite hostname="LAPTOP-9MKQQPJI" failures="0" tests="2" name="com.pta.qa.testcases.BlogPageTest" time="27.540" errors="0" timestamp="2025-01-02T19:17:43 IST" skipped="0">
  <testcase classname="com.pta.qa.testcases.BlogPageTest" name="blogPageTitleTest" time="7.486"/>
  <testcase classname="com.pta.qa.testcases.BlogPageTest" name="blogLinkTest" time="20.054"/>
</testsuite> <!-- com.pta.qa.testcases.BlogPageTest -->
