<?xml version="1.0" encoding="UTF-8"?>
<!-- Generated by org.testng.reporters.JUnitReportReporter -->
<testsuite hostname="LAPTOP-9MKQQPJI" failures="0" tests="2" name="com.pta.qa.testcases.CoursesPageTest" time="14.262" errors="0" timestamp="2024-12-27T20:01:51 IST" skipped="0">
  <testcase classname="com.pta.qa.testcases.CoursesPageTest" name="courcesPageTitleTest" time="7.271"/>
  <testcase classname="com.pta.qa.testcases.CoursesPageTest" name="coursesLinkTest" time="6.991"/>
</testsuite> <!-- com.pta.qa.testcases.CoursesPageTest -->
